DEBUG 2025-09-18 10:36:27.093 UTC: 	 CRAB Client version: v3.250820
DEBUG 2025-09-18 10:36:27.093 UTC: 	 Running on: Linux lxplus814.cern.ch 4.18.0-553.72.1.el8_10.x86_64 #1 SMP Sat Aug 23 20:13:38 EDT 2025 x86_64 x86_64 x86_64 GNU/Linux
DEBUG 2025-09-18 10:36:27.093 UTC: 	 Not using Singularity
DEBUG 2025-09-18 10:36:27.093 UTC: 	 Operating System: Red Hat Enterprise Linux 8.10 (Ootpa)
DEBUG 2025-09-18 10:36:27.093 UTC: 	 Executing command: 'submit'
DEBUG 2025-09-18 10:36:27.093 UTC: 	 Found CRAB cache file /afs/cern.ch/user/s/sejang/.crab3
INFO 2025-09-18 10:36:27.094 UTC: 	 Will use CRAB configuration file crab_step2.py
DEBUG 2025-09-18 10:36:27.094 UTC: 	 Loading CRAB configuration file.
DEBUG 2025-09-18 10:36:27.098 UTC: 	 Will use CRAB plugin ANALYSIS (i.e. will run an analysis job type).
ERROR 2025-09-18 10:36:27.099 UTC: 	 Working area '/eos/home-s/sejang/WorkSpace/CMSSW_15_1_0_pre1/src/crab_jobs/Step2/crab_test_DQM_woHLTTag_Step2' already exists 
Please change the requestName in the config file
ERROR 2025-09-18 10:36:27.099 UTC: 	 Caught ClientException exception
Traceback (most recent call last):
  File "/cvmfs/cms.cern.ch/share/cms/crab-prod/v3.250820.00/bin/crab.py", line 157, in <module>
    client()
  File "/cvmfs/cms.cern.ch/share/cms/crab-prod/v3.250820.00/bin/crab.py", line 135, in __call__
    self.cmd = sub_cmd(self.logger, args[1:])  # the crab command to be executed
  File "/cvmfs/cms.cern.ch/share/cms/crab-prod/v3.250820.00/lib/CRABClient/Commands/submit.py", line 35, in __init__
    SubCommand.__init__(self, logger, cmdargs, disable_interspersed_args=True)
  File "/cvmfs/cms.cern.ch/share/cms/crab-prod/v3.250820.00/lib/CRABClient/Commands/SubCommand.py", line 328, in __init__
    self.requestarea, self.requestname, self.logfile = createWorkArea(
  File "/cvmfs/cms.cern.ch/share/cms/crab-prod/v3.250820.00/lib/CRABClient/ClientUtilities.py", line 392, in createWorkArea
    raise ConfigException("Working area '%s' already exists \nPlease change the requestName in the config file" % fullpath)
CRABClient.ClientExceptions.ConfigException: Working area '/eos/home-s/sejang/WorkSpace/CMSSW_15_1_0_pre1/src/crab_jobs/Step2/crab_test_DQM_woHLTTag_Step2' already exists 
Please change the requestName in the config file
INFO 2025-09-18 10:36:27.104 UTC: 	 Log file is /eos/home-s/sejang/WorkSpace/CMSSW_15_1_0_pre1/src/crab_jobs/crab.log
DEBUG 2025-09-23 15:43:44.356 UTC: 	 CRAB Client version: v3.250820
DEBUG 2025-09-23 15:43:44.357 UTC: 	 Running on: Linux cms03.knu.ac.kr 5.14.0-570.41.1.el9_6.x86_64 #1 SMP PREEMPT_DYNAMIC Thu Sep 11 06:52:33 EDT 2025 x86_64 x86_64 x86_64 GNU/Linux
DEBUG 2025-09-23 15:43:44.357 UTC: 	 Not using Singularity
DEBUG 2025-09-23 15:43:44.357 UTC: 	 Operating System: AlmaLinux 9.6 (Sage Margay)
DEBUG 2025-09-23 15:43:44.357 UTC: 	 Executing command: 'submit'
DEBUG 2025-09-23 15:43:44.358 UTC: 	 Found CRAB cache file /u/user/syjang/.crab3
INFO 2025-09-23 15:43:44.360 UTC: 	 Will use CRAB configuration file crab_step3.py
DEBUG 2025-09-23 15:43:44.360 UTC: 	 Loading CRAB configuration file.
DEBUG 2025-09-23 15:43:44.366 UTC: 	 Will use CRAB plugin ANALYSIS (i.e. will run an analysis job type).
ERROR 2025-09-23 15:43:44.367 UTC: 	 Working area '/d0/scratch/syjang/Muon_DQM/CMSSW_15_1_0_pre1/src/crab_jobs/Step2/crab_test_DQM_woHLTTag_Step3' already exists 
Please change the requestName in the config file
ERROR 2025-09-23 15:43:44.367 UTC: 	 Caught ClientException exception
Traceback (most recent call last):
  File "/cvmfs/cms.cern.ch/share/cms/crab-prod/v3.250820.00/bin/crab.py", line 157, in <module>
    client()
  File "/cvmfs/cms.cern.ch/share/cms/crab-prod/v3.250820.00/bin/crab.py", line 135, in __call__
    self.cmd = sub_cmd(self.logger, args[1:])  # the crab command to be executed
  File "/cvmfs/cms.cern.ch/share/cms/crab-prod/v3.250820.00/lib/CRABClient/Commands/submit.py", line 35, in __init__
    SubCommand.__init__(self, logger, cmdargs, disable_interspersed_args=True)
  File "/cvmfs/cms.cern.ch/share/cms/crab-prod/v3.250820.00/lib/CRABClient/Commands/SubCommand.py", line 328, in __init__
    self.requestarea, self.requestname, self.logfile = createWorkArea(
  File "/cvmfs/cms.cern.ch/share/cms/crab-prod/v3.250820.00/lib/CRABClient/ClientUtilities.py", line 392, in createWorkArea
    raise ConfigException("Working area '%s' already exists \nPlease change the requestName in the config file" % fullpath)
CRABClient.ClientExceptions.ConfigException: Working area '/d0/scratch/syjang/Muon_DQM/CMSSW_15_1_0_pre1/src/crab_jobs/Step2/crab_test_DQM_woHLTTag_Step3' already exists 
Please change the requestName in the config file
INFO 2025-09-23 15:43:44.372 UTC: 	 Log file is /d0/scratch/syjang/Muon_DQM/CMSSW_15_1_0_pre1/src/crab_jobs/crab.log
DEBUG 2025-09-23 15:50:08.095 UTC: 	 CRAB Client version: v3.250820
DEBUG 2025-09-23 15:50:08.095 UTC: 	 Running on: Linux cms03.knu.ac.kr 5.14.0-570.41.1.el9_6.x86_64 #1 SMP PREEMPT_DYNAMIC Thu Sep 11 06:52:33 EDT 2025 x86_64 x86_64 x86_64 GNU/Linux
DEBUG 2025-09-23 15:50:08.095 UTC: 	 Not using Singularity
DEBUG 2025-09-23 15:50:08.095 UTC: 	 Operating System: AlmaLinux 9.6 (Sage Margay)
DEBUG 2025-09-23 15:50:08.095 UTC: 	 Executing command: 'submit'
DEBUG 2025-09-23 15:50:08.096 UTC: 	 Found CRAB cache file /u/user/syjang/.crab3
INFO 2025-09-23 15:50:08.100 UTC: 	 Will use CRAB configuration file crab_step3.py
DEBUG 2025-09-23 15:50:08.100 UTC: 	 Loading CRAB configuration file.
DEBUG 2025-09-23 15:50:08.103 UTC: 	 Will use CRAB plugin ANALYSIS (i.e. will run an analysis job type).
ERROR 2025-09-23 15:50:08.105 UTC: 	 Working area '/d0/scratch/syjang/Muon_DQM/CMSSW_15_1_0_pre1/src/crab_jobs/Step3/crab_test_DQM_woHLTTag_Step3' already exists 
Please change the requestName in the config file
ERROR 2025-09-23 15:50:08.105 UTC: 	 Caught ClientException exception
Traceback (most recent call last):
  File "/cvmfs/cms.cern.ch/share/cms/crab-prod/v3.250820.00/bin/crab.py", line 157, in <module>
    client()
  File "/cvmfs/cms.cern.ch/share/cms/crab-prod/v3.250820.00/bin/crab.py", line 135, in __call__
    self.cmd = sub_cmd(self.logger, args[1:])  # the crab command to be executed
  File "/cvmfs/cms.cern.ch/share/cms/crab-prod/v3.250820.00/lib/CRABClient/Commands/submit.py", line 35, in __init__
    SubCommand.__init__(self, logger, cmdargs, disable_interspersed_args=True)
  File "/cvmfs/cms.cern.ch/share/cms/crab-prod/v3.250820.00/lib/CRABClient/Commands/SubCommand.py", line 328, in __init__
    self.requestarea, self.requestname, self.logfile = createWorkArea(
  File "/cvmfs/cms.cern.ch/share/cms/crab-prod/v3.250820.00/lib/CRABClient/ClientUtilities.py", line 392, in createWorkArea
    raise ConfigException("Working area '%s' already exists \nPlease change the requestName in the config file" % fullpath)
CRABClient.ClientExceptions.ConfigException: Working area '/d0/scratch/syjang/Muon_DQM/CMSSW_15_1_0_pre1/src/crab_jobs/Step3/crab_test_DQM_woHLTTag_Step3' already exists 
Please change the requestName in the config file
INFO 2025-09-23 15:50:08.109 UTC: 	 Log file is /d0/scratch/syjang/Muon_DQM/CMSSW_15_1_0_pre1/src/crab_jobs/crab.log
DEBUG 2025-09-23 16:11:53.394 UTC: 	 CRAB Client version: v3.250820
DEBUG 2025-09-23 16:11:53.395 UTC: 	 Running on: Linux cms03.knu.ac.kr 5.14.0-570.41.1.el9_6.x86_64 #1 SMP PREEMPT_DYNAMIC Thu Sep 11 06:52:33 EDT 2025 x86_64 x86_64 x86_64 GNU/Linux
DEBUG 2025-09-23 16:11:53.395 UTC: 	 Not using Singularity
DEBUG 2025-09-23 16:11:53.395 UTC: 	 Operating System: AlmaLinux 9.6 (Sage Margay)
DEBUG 2025-09-23 16:11:53.395 UTC: 	 Executing command: 'status'
DEBUG 2025-09-23 16:11:53.396 UTC: 	 Found CRAB cache file /u/user/syjang/.crab3
ERROR 2025-09-23 16:11:53.401 UTC: 	 Cannot find .requestcache file in CRAB project directory /d0/scratch/syjang/Muon_DQM/CMSSW_15_1_0_pre1/src/crab_jobs/Step3/crab_test_DQM_woHLTTag_Step3
ERROR 2025-09-23 16:11:53.401 UTC: 	 Caught ClientException exception
Traceback (most recent call last):
  File "/cvmfs/cms.cern.ch/share/cms/crab-prod/v3.250820.00/bin/crab.py", line 157, in <module>
    client()
  File "/cvmfs/cms.cern.ch/share/cms/crab-prod/v3.250820.00/bin/crab.py", line 135, in __call__
    self.cmd = sub_cmd(self.logger, args[1:])  # the crab command to be executed
  File "/cvmfs/cms.cern.ch/share/cms/crab-prod/v3.250820.00/lib/CRABClient/Commands/status.py", line 49, in __init__
    SubCommand.__init__(self, logger, cmdargs)
  File "/cvmfs/cms.cern.ch/share/cms/crab-prod/v3.250820.00/lib/CRABClient/Commands/SubCommand.py", line 281, in __init__
    SubCommand.validateOptions(self)
  File "/cvmfs/cms.cern.ch/share/cms/crab-prod/v3.250820.00/lib/CRABClient/Commands/SubCommand.py", line 695, in validateOptions
    self.loadLocalCache()
  File "/cvmfs/cms.cern.ch/share/cms/crab-prod/v3.250820.00/lib/CRABClient/Commands/SubCommand.py", line 537, in loadLocalCache
    raise ex
  File "/cvmfs/cms.cern.ch/share/cms/crab-prod/v3.250820.00/lib/CRABClient/Commands/SubCommand.py", line 531, in loadLocalCache
    self.cachedinfo, self.logfile = loadCache(self.requestarea, self.logger)
  File "/cvmfs/cms.cern.ch/share/cms/crab-prod/v3.250820.00/lib/CRABClient/ClientUtilities.py", line 445, in loadCache
    raise CachefileNotFoundException(msg)
CRABClient.ClientExceptions.CachefileNotFoundException: Cannot find .requestcache file in CRAB project directory /d0/scratch/syjang/Muon_DQM/CMSSW_15_1_0_pre1/src/crab_jobs/Step3/crab_test_DQM_woHLTTag_Step3
INFO 2025-09-23 16:11:53.406 UTC: 	 Log file is /d0/scratch/syjang/Muon_DQM/CMSSW_15_1_0_pre1/src/crab_jobs/crab.log
